{"/home/kwambie/Module _2/ToDoList-App/src/modules/todolist.js": {"path":"/home/kwambie/Module _2/ToDoList-App/src/modules/todolist.js","statementMap":{"0":{"start":{"line":3,"column":4},"end":{"line":3,"column":20}},"1":{"start":{"line":7,"column":4},"end":{"line":7,"column":69}},"2":{"start":{"line":11,"column":4},"end":{"line":11,"column":72}},"3":{"start":{"line":15,"column":17},"end":{"line":17,"column":5}},"4":{"start":{"line":16,"column":16},"end":{"line":16,"column":48}},"5":{"start":{"line":18,"column":4},"end":{"line":18,"column":21}},"6":{"start":{"line":19,"column":4},"end":{"line":19,"column":23}},"7":{"start":{"line":24,"column":17},"end":{"line":29,"column":5}},"8":{"start":{"line":30,"column":4},"end":{"line":30,"column":47}},"9":{"start":{"line":31,"column":4},"end":{"line":31,"column":23}},"10":{"start":{"line":35,"column":4},"end":{"line":35,"column":78}},"11":{"start":{"line":35,"column":53},"end":{"line":35,"column":76}},"12":{"start":{"line":36,"column":4},"end":{"line":41,"column":5}},"13":{"start":{"line":37,"column":6},"end":{"line":40,"column":9}},"14":{"start":{"line":38,"column":8},"end":{"line":38,"column":27}},"15":{"start":{"line":39,"column":8},"end":{"line":39,"column":20}},"16":{"start":{"line":42,"column":4},"end":{"line":42,"column":23}},"17":{"start":{"line":47,"column":4},"end":{"line":47,"column":75}},"18":{"start":{"line":47,"column":53},"end":{"line":47,"column":73}},"19":{"start":{"line":48,"column":4},"end":{"line":51,"column":7}},"20":{"start":{"line":49,"column":6},"end":{"line":49,"column":25}},"21":{"start":{"line":50,"column":6},"end":{"line":50,"column":18}},"22":{"start":{"line":52,"column":4},"end":{"line":52,"column":23}},"23":{"start":{"line":57,"column":4},"end":{"line":57,"column":56}},"24":{"start":{"line":58,"column":4},"end":{"line":58,"column":43}},"25":{"start":{"line":59,"column":4},"end":{"line":59,"column":23}},"26":{"start":{"line":63,"column":19},"end":{"line":63,"column":50}},"27":{"start":{"line":64,"column":4},"end":{"line":67,"column":6}},"28":{"start":{"line":68,"column":4},"end":{"line":68,"column":23}}},"fnMap":{"0":{"name":"(anonymous_0)","decl":{"start":{"line":2,"column":2},"end":{"line":2,"column":3}},"loc":{"start":{"line":2,"column":16},"end":{"line":4,"column":3}},"line":2},"1":{"name":"(anonymous_1)","decl":{"start":{"line":6,"column":2},"end":{"line":6,"column":3}},"loc":{"start":{"line":6,"column":16},"end":{"line":8,"column":3}},"line":6},"2":{"name":"(anonymous_2)","decl":{"start":{"line":10,"column":2},"end":{"line":10,"column":3}},"loc":{"start":{"line":10,"column":13},"end":{"line":12,"column":3}},"line":10},"3":{"name":"(anonymous_3)","decl":{"start":{"line":14,"column":2},"end":{"line":14,"column":3}},"loc":{"start":{"line":14,"column":13},"end":{"line":20,"column":3}},"line":14},"4":{"name":"(anonymous_4)","decl":{"start":{"line":16,"column":6},"end":{"line":16,"column":7}},"loc":{"start":{"line":16,"column":16},"end":{"line":16,"column":48}},"line":16},"5":{"name":"(anonymous_5)","decl":{"start":{"line":23,"column":2},"end":{"line":23,"column":3}},"loc":{"start":{"line":23,"column":23},"end":{"line":32,"column":3}},"line":23},"6":{"name":"(anonymous_6)","decl":{"start":{"line":34,"column":2},"end":{"line":34,"column":3}},"loc":{"start":{"line":34,"column":19},"end":{"line":43,"column":3}},"line":34},"7":{"name":"(anonymous_7)","decl":{"start":{"line":35,"column":43},"end":{"line":35,"column":44}},"loc":{"start":{"line":35,"column":53},"end":{"line":35,"column":76}},"line":35},"8":{"name":"(anonymous_8)","decl":{"start":{"line":37,"column":42},"end":{"line":37,"column":43}},"loc":{"start":{"line":37,"column":55},"end":{"line":40,"column":7}},"line":37},"9":{"name":"(anonymous_9)","decl":{"start":{"line":46,"column":2},"end":{"line":46,"column":3}},"loc":{"start":{"line":46,"column":20},"end":{"line":53,"column":3}},"line":46},"10":{"name":"(anonymous_10)","decl":{"start":{"line":47,"column":43},"end":{"line":47,"column":44}},"loc":{"start":{"line":47,"column":53},"end":{"line":47,"column":73}},"line":47},"11":{"name":"(anonymous_11)","decl":{"start":{"line":48,"column":40},"end":{"line":48,"column":41}},"loc":{"start":{"line":48,"column":53},"end":{"line":51,"column":5}},"line":48},"12":{"name":"(anonymous_12)","decl":{"start":{"line":56,"column":2},"end":{"line":56,"column":3}},"loc":{"start":{"line":56,"column":31},"end":{"line":60,"column":3}},"line":56},"13":{"name":"(anonymous_13)","decl":{"start":{"line":62,"column":2},"end":{"line":62,"column":3}},"loc":{"start":{"line":62,"column":20},"end":{"line":69,"column":3}},"line":62}},"branchMap":{"0":{"loc":{"start":{"line":11,"column":21},"end":{"line":11,"column":71}},"type":"binary-expr","locations":[{"start":{"line":11,"column":21},"end":{"line":11,"column":65}},{"start":{"line":11,"column":69},"end":{"line":11,"column":71}}],"line":11},"1":{"loc":{"start":{"line":36,"column":4},"end":{"line":41,"column":5}},"type":"if","locations":[{"start":{"line":36,"column":4},"end":{"line":41,"column":5}},{"start":{},"end":{}}],"line":36}},"s":{"0":0,"1":0,"2":0,"3":0,"4":0,"5":0,"6":0,"7":0,"8":0,"9":0,"10":0,"11":0,"12":0,"13":0,"14":0,"15":0,"16":0,"17":0,"18":0,"19":0,"20":0,"21":0,"22":0,"23":0,"24":0,"25":0,"26":0,"27":0,"28":0},"f":{"0":0,"1":0,"2":0,"3":0,"4":0,"5":0,"6":0,"7":0,"8":0,"9":0,"10":0,"11":0,"12":0,"13":0},"b":{"0":[0,0],"1":[0,0]},"_coverageSchema":"1a1c01bbd47fc00a2c39e90264f33305004495a9","hash":"5312689467c76051478f0a7810ba7c19527078b6"}
}
